INFO	2015-05-14 09:41:41,737	0	com.qa.LoginTests	[pool-1-thread-1]	Starting testLogin1() test....
INFO	2015-05-14 11:50:04,625	0	com.qa.LoginTests	[pool-1-thread-1]	Starting testLogin1() test....
INFO	2015-05-14 11:50:30,675	26050	com.qa.LoginTests	[pool-1-thread-1]	After closing web driver... Start data validation...
INFO	2015-05-14 11:50:30,677	26052	com.qa.LoginTests	[pool-1-thread-1]	End testLogin1() test....
INFO	2015-05-14 16:10:06,487	0	com.qa.LoginTests	[pool-1-thread-1]	Starting testLoginNoIDPassword(), Test Case ID: T01540...
INFO	2015-06-11 09:15:15,272	0	com.qa.LoginTests	[pool-1-thread-1]	Starting testLogin1() test....
INFO	2015-06-11 09:15:15,272	0	com.qa.LoginTests	[pool-1-thread-2]	Starting testLoginNoIDPassword(), Test Case ID: T01540...
INFO	2015-06-11 09:17:22,216	0	com.qa.LoginTests	[pool-1-thread-2]	Starting testLoginNoIDPassword(), Test Case ID: T01540...
INFO	2015-06-11 09:17:22,216	0	com.qa.LoginTests	[pool-1-thread-1]	Starting testLogin1() test....
INFO	2015-06-11 09:21:09,657	0	com.qa.LoginTests	[pool-1-thread-1]	Starting testLogin1() test....
INFO	2015-06-11 09:24:28,961	0	com.qa.LoginTests	[pool-1-thread-1]	Starting testLogin1() test....
INFO	2015-06-11 09:24:28,961	0	com.qa.LoginTests	[pool-1-thread-2]	Starting testLoginNoIDPassword(), Test Case ID: T01540...
INFO	2015-06-11 09:24:55,367	26406	com.qa.LoginTests	[pool-1-thread-1]	After closing web driver... Start data validation...
INFO	2015-06-11 09:24:55,368	26407	com.qa.LoginTests	[pool-1-thread-1]	End testLogin1() test....
INFO	2015-06-11 09:27:12,766	0	com.qa.LoginTests	[pool-1-thread-1]	Starting testLogin1() test....
INFO	2015-06-11 09:27:38,553	25787	com.qa.LoginTests	[pool-1-thread-1]	After closing web driver... Start data validation...
INFO	2015-06-11 09:27:38,555	25789	com.qa.LoginTests	[pool-1-thread-1]	End testLogin1() test....
INFO	2015-06-11 09:27:38,555	25789	com.qa.LoginTests	[pool-1-thread-1]	Starting testLoginNoIDPassword(), Test Case ID: T01540...
INFO	2015-06-11 09:29:15,064	0	com.qa.LoginTests	[TestNG]	Starting testLogin1() test....
INFO	2015-06-11 09:29:38,525	23461	com.qa.LoginTests	[TestNG]	After closing web driver... Start data validation...
INFO	2015-06-11 09:29:38,526	23462	com.qa.LoginTests	[TestNG]	End testLogin1() test....
INFO	2015-06-11 09:29:38,527	23463	com.qa.LoginTests	[TestNG]	Starting testLoginNoIDPassword(), Test Case ID: T01540...
INFO	2015-06-11 09:30:10,762	0	com.qa.LoginTests	[TestNG]	Starting testLogin1() test....
INFO	2015-06-11 09:30:30,303	19541	com.qa.LoginTests	[TestNG]	After closing web driver... Start data validation...
INFO	2015-06-11 09:30:30,305	19543	com.qa.LoginTests	[TestNG]	End testLogin1() test....
INFO	2015-06-11 09:30:30,306	19544	com.qa.LoginTests	[TestNG]	Starting testLoginNoIDPassword(), Test Case ID: T01540...
INFO	2015-06-11 09:33:05,959	0	com.qa.LoginTests	[pool-1-thread-2]	Starting testLoginNoIDPassword(), Test Case ID: T01540...
INFO	2015-06-11 09:33:05,959	0	com.qa.LoginTests	[pool-1-thread-1]	Starting testLogin1() test....
INFO	2015-06-11 09:33:35,259	29300	com.qa.LoginTests	[pool-1-thread-1]	After closing web driver... Start data validation...
INFO	2015-06-11 09:33:35,259	29300	com.qa.LoginTests	[pool-1-thread-1]	End testLogin1() test....
INFO	2015-06-11 09:40:00,926	0	com.qa.LoginTests	[pool-1-thread-2]	Starting testLoginGetVersion()....
INFO	2015-06-11 09:40:00,926	0	com.qa.LoginTests	[pool-1-thread-1]	Starting testLogin1() test....
INFO	2015-06-11 09:40:22,085	21159	com.qa.LoginTests	[pool-1-thread-1]	After closing web driver... Start data validation...
INFO	2015-06-11 09:40:22,087	21161	com.qa.LoginTests	[pool-1-thread-1]	End testLogin1() test....
INFO	2015-06-11 09:40:22,087	21161	com.qa.LoginTests	[pool-1-thread-1]	Starting testLoginNoIDPassword(), Test Case ID: T01540...
INFO	2015-06-11 09:40:55,847	0	com.qa.LoginTests	[pool-1-thread-3]	Starting testLoginNoIDPassword(), Test Case ID: T01540...
INFO	2015-06-11 09:40:55,847	0	com.qa.LoginTests	[pool-1-thread-1]	Starting testLogin1() test....
INFO	2015-06-11 09:40:55,847	0	com.qa.LoginTests	[pool-1-thread-2]	Starting testLoginGetVersion()....
INFO	2015-06-11 09:41:32,010	36163	com.qa.LoginTests	[pool-1-thread-1]	After closing web driver... Start data validation...
INFO	2015-06-11 09:41:32,010	36163	com.qa.LoginTests	[pool-1-thread-1]	End testLogin1() test....
INFO	2015-06-11 11:10:39,433	0	com.qa.LoginTests	[pool-1-thread-2]	Starting testLoginGetVersion()....
INFO	2015-06-11 11:10:39,433	0	com.qa.LoginTests	[pool-1-thread-1]	Starting testLogin1() test....
INFO	2015-06-11 11:10:39,433	0	com.qa.LoginTests	[pool-1-thread-3]	Starting testLoginNoIDPassword(), Test Case ID: T01540...
INFO	2015-06-11 11:11:10,749	31316	com.qa.LoginTests	[pool-1-thread-1]	After closing web driver... Start data validation...
INFO	2015-06-11 11:11:10,749	31316	com.qa.LoginTests	[pool-1-thread-1]	End testLogin1() test....
INFO	2015-06-11 11:13:09,966	0	com.qa.LoginTests	[pool-1-thread-2]	Starting testLoginGetVersion()....
INFO	2015-06-11 11:13:09,966	0	com.qa.LoginTests	[pool-1-thread-3]	Starting testLoginNoIDPassword(), Test Case ID: T01540...
INFO	2015-06-11 11:13:09,966	0	com.qa.LoginTests	[pool-1-thread-1]	Starting testLogin1() test....
INFO	2015-06-11 11:13:56,184	46218	com.qa.LoginTests	[pool-1-thread-1]	After closing web driver... Start data validation...
INFO	2015-06-11 11:13:56,184	46218	com.qa.LoginTests	[pool-1-thread-1]	End testLogin1() test....
INFO	2015-06-11 11:15:17,126	0	com.qa.LoginTests	[pool-1-thread-1]	Starting testLogin1() test....
INFO	2015-06-11 11:15:47,024	29898	com.qa.LoginTests	[pool-1-thread-1]	After closing web driver... Start data validation...
INFO	2015-06-11 11:15:47,026	29900	com.qa.LoginTests	[pool-1-thread-1]	End testLogin1() test....
INFO	2015-06-11 11:15:47,026	29900	com.qa.LoginTests	[pool-1-thread-1]	Starting testLoginGetVersion()....
INFO	2015-06-11 11:16:01,633	44507	com.qa.LoginTests	[pool-1-thread-1]	Starting testLoginNoIDPassword(), Test Case ID: T01540...
INFO	2015-06-11 11:16:45,582	0	com.qa.LoginTests	[pool-1-thread-1]	Starting testLogin1() test....
INFO	2015-06-11 11:16:45,582	0	com.qa.LoginTests	[pool-1-thread-2]	Starting testLoginGetVersion()....
INFO	2015-06-11 11:16:45,582	0	com.qa.LoginTests	[pool-1-thread-3]	Starting testLoginNoIDPassword(), Test Case ID: T01540...
INFO	2015-06-11 11:18:40,247	114665	com.qa.LoginTests	[pool-1-thread-1]	After closing web driver... Start data validation...
INFO	2015-06-11 11:18:40,247	114665	com.qa.LoginTests	[pool-1-thread-1]	End testLogin1() test....
INFO	2015-06-11 11:18:57,293	0	com.qa.LoginTests	[pool-1-thread-1]	Starting testLogin1() test....
INFO	2015-06-11 11:20:51,909	114616	com.qa.LoginTests	[pool-1-thread-1]	After closing web driver... Start data validation...
INFO	2015-06-11 11:20:51,911	114618	com.qa.LoginTests	[pool-1-thread-1]	End testLogin1() test....
INFO	2015-06-11 11:20:51,912	114619	com.qa.LoginTests	[pool-1-thread-1]	Starting testLoginGetVersion()....
INFO	2015-06-11 11:21:06,640	129347	com.qa.LoginTests	[pool-1-thread-1]	Starting testLoginNoIDPassword(), Test Case ID: T01540...
INFO	2015-06-11 11:21:48,749	0	com.qa.LoginTests	[pool-1-thread-1]	Starting testLogin1() test....
INFO	2015-06-11 11:21:48,749	0	com.qa.LoginTests	[pool-1-thread-2]	Starting testLoginGetVersion()....
INFO	2015-06-11 11:21:48,749	0	com.qa.LoginTests	[pool-1-thread-3]	Starting testLoginNoIDPassword(), Test Case ID: T01540...
INFO	2015-06-11 11:23:43,505	114756	com.qa.LoginTests	[pool-1-thread-1]	After closing web driver... Start data validation...
INFO	2015-06-11 11:23:43,505	114756	com.qa.LoginTests	[pool-1-thread-1]	End testLogin1() test....
INFO	2015-06-11 11:24:20,061	0	com.qa.LoginTests	[pool-1-thread-1]	Starting testLogin1() test....
INFO	2015-06-11 11:26:15,845	115784	com.qa.LoginTests	[pool-1-thread-1]	After closing web driver... Start data validation...
INFO	2015-06-11 11:26:15,847	115786	com.qa.LoginTests	[pool-1-thread-1]	End testLogin1() test....
INFO	2015-06-11 11:26:15,848	115787	com.qa.LoginTests	[pool-1-thread-1]	Starting testLoginGetVersion()....
INFO	2015-06-11 11:26:30,566	130505	com.qa.LoginTests	[pool-1-thread-1]	Starting testLoginNoIDPassword(), Test Case ID: T01540...
